<?xml version="1.0" encoding="UTF-8"?>
<robot generator="Robot 7.0 (Python 3.12.2 on darwin)" generated="2024-06-03T21:48:18.046834" rpa="false" schemaversion="5">
<suite id="s1" name="Test Booker" source="/Users/helena_czekster/Desktop/QA/Iterasys/lista 12/__tests__/api/test_booker.robot">
<kw name="Run Requirements" owner="common" type="SETUP">
<kw name="Create Token" owner="common">
<kw name="Create Dictionary" owner="BuiltIn">
<msg time="2024-06-03T21:48:18.210054" level="INFO">${body} = {'username': 'admin', 'password': 'password123'}</msg>
<var>${body}</var>
<arg>username=admin</arg>
<arg>password=password123</arg>
<doc>Creates and returns a dictionary based on the given ``items``.</doc>
<status status="PASS" start="2024-06-03T21:48:18.209628" elapsed="0.002801"/>
</kw>
<kw name="POST" owner="RequestsLibrary">
<msg time="2024-06-03T21:48:18.727794" level="INFO">POST Request : url=https://restful-booker.herokuapp.com/auth 
 path_url=/auth 
 headers={'User-Agent': 'python-requests/2.32.3', 'Accept-Encoding': 'gzip, deflate', 'Accept': '*/*', 'Connection': 'keep-alive', 'Content-Length': '48', 'Content-Type': 'application/json'} 
 body=b'{"username": "admin", "password": "password123"}' 
 </msg>
<msg time="2024-06-03T21:48:18.728162" level="INFO">POST Response : url=https://restful-booker.herokuapp.com/auth 
 status=200, reason=OK 
 headers={'Server': 'Cowboy', 'Report-To': '{"group":"heroku-nel","max_age":3600,"endpoints":[{"url":"https://nel.heroku.com/reports?ts=1717444098&amp;sid=c46efe9b-d3d2-4a0c-8c76-bfafa16c5add&amp;s=lQP%2FJAatXXgCQkkdvnJBTRZGNFMz%2Bw9brxlN0dUH%2B64%3D"}]}', 'Reporting-Endpoints': 'heroku-nel=https://nel.heroku.com/reports?ts=1717444098&amp;sid=c46efe9b-d3d2-4a0c-8c76-bfafa16c5add&amp;s=lQP%2FJAatXXgCQkkdvnJBTRZGNFMz%2Bw9brxlN0dUH%2B64%3D', 'Nel': '{"report_to":"heroku-nel","max_age":3600,"success_fraction":0.005,"failure_fraction":0.05,"response_headers":["Via"]}', 'Connection': 'keep-alive', 'X-Powered-By': 'Express', 'Content-Type': 'application/json; charset=utf-8', 'Content-Length': '27', 'Etag': 'W/"1b-mmuUecKzlFoiY3cz+ItPyqSEaz0"', 'Date': 'Mon, 03 Jun 2024 19:48:18 GMT', 'Via': '1.1 vegur'} 
 body={"token":"bd75a08ab703fef"} 
 </msg>
<msg time="2024-06-03T21:48:18.728461" level="INFO">${response} = &lt;Response [200]&gt;</msg>
<var>${response}</var>
<arg>url=${url}/auth</arg>
<arg>json=${body}</arg>
<doc>Sends a POST request.</doc>
<status status="PASS" start="2024-06-03T21:48:18.212696" elapsed="0.515909"/>
</kw>
<kw name="Status Should Be" owner="RequestsLibrary">
<arg>200</arg>
<doc>Fails if response status code is different than the expected.</doc>
<status status="PASS" start="2024-06-03T21:48:18.728888" elapsed="0.000294"/>
</kw>
<kw name="Set Variable" owner="BuiltIn">
<msg time="2024-06-03T21:48:18.730200" level="INFO">${token} = bd75a08ab703fef</msg>
<var>${token}</var>
<arg>${response.json()}[token]</arg>
<doc>Returns the given values which can then be assigned to a variables.</doc>
<status status="PASS" start="2024-06-03T21:48:18.729404" elapsed="0.000951"/>
</kw>
<kw name="Set Suite Variable" owner="BuiltIn">
<msg time="2024-06-03T21:48:18.730883" level="INFO">${token} = bd75a08ab703fef</msg>
<arg>${token}</arg>
<doc>Makes a variable available everywhere within the scope of the current suite.</doc>
<status status="PASS" start="2024-06-03T21:48:18.730590" elapsed="0.000426"/>
</kw>
<kw name="Log To Console" owner="BuiltIn">
<arg>${token}</arg>
<doc>Logs the given message to the console.</doc>
<status status="PASS" start="2024-06-03T21:48:18.731186" elapsed="0.000390"/>
</kw>
<arg>${url}</arg>
<status status="PASS" start="2024-06-03T21:48:18.209066" elapsed="0.522724"/>
</kw>
<kw name="Ping HealthCheck" owner="common">
<kw name="GET" owner="RequestsLibrary">
<msg time="2024-06-03T21:48:19.403387" level="INFO">GET Request : url=https://restful-booker.herokuapp.com/ping 
 path_url=/ping 
 headers={'User-Agent': 'python-requests/2.32.3', 'Accept-Encoding': 'gzip, deflate', 'Accept': '*/*', 'Connection': 'keep-alive'} 
 body=None 
 </msg>
<msg time="2024-06-03T21:48:19.403937" level="INFO">GET Response : url=https://restful-booker.herokuapp.com/ping 
 status=201, reason=Created 
 headers={'Server': 'Cowboy', 'Report-To': '{"group":"heroku-nel","max_age":3600,"endpoints":[{"url":"https://nel.heroku.com/reports?ts=1717444099&amp;sid=c46efe9b-d3d2-4a0c-8c76-bfafa16c5add&amp;s=lM1Y8h0oo7pl%2BXGX%2F97qwBCadi9pYKum8UKCYYnmEkM%3D"}]}', 'Reporting-Endpoints': 'heroku-nel=https://nel.heroku.com/reports?ts=1717444099&amp;sid=c46efe9b-d3d2-4a0c-8c76-bfafa16c5add&amp;s=lM1Y8h0oo7pl%2BXGX%2F97qwBCadi9pYKum8UKCYYnmEkM%3D', 'Nel': '{"report_to":"heroku-nel","max_age":3600,"success_fraction":0.005,"failure_fraction":0.05,"response_headers":["Via"]}', 'Connection': 'keep-alive', 'X-Powered-By': 'Express', 'Content-Type': 'text/plain; charset=utf-8', 'Content-Length': '7', 'Etag': 'W/"7-rM9AyJuqT6iOan/xHh+AW+7K/T8"', 'Date': 'Mon, 03 Jun 2024 19:48:19 GMT', 'Via': '1.1 vegur'} 
 body=Created 
 </msg>
<msg time="2024-06-03T21:48:19.404470" level="INFO">${response} = &lt;Response [201]&gt;</msg>
<var>${response}</var>
<arg>url=${url}/ping</arg>
<doc>Sends a GET request.</doc>
<status status="PASS" start="2024-06-03T21:48:18.732403" elapsed="0.672359"/>
</kw>
<kw name="Status Should Be" owner="RequestsLibrary">
<arg>201</arg>
<doc>Fails if response status code is different than the expected.</doc>
<status status="PASS" start="2024-06-03T21:48:19.405244" elapsed="0.000537"/>
</kw>
<arg>${url}</arg>
<status status="PASS" start="2024-06-03T21:48:18.732020" elapsed="0.674101"/>
</kw>
<arg>${url}</arg>
<status status="PASS" start="2024-06-03T21:48:18.208598" elapsed="1.197829"/>
</kw>
<test id="s1-t1" name="Delete Booking" line="94">
<kw name="Get Booking Id" owner="common">
<kw name="GET" owner="RequestsLibrary">
<msg time="2024-06-03T21:48:19.893339" level="INFO">GET Request : url=https://restful-booker.herokuapp.com/booking?firstname=Niko&amp;lastname=Pirosmani 
 path_url=/booking?firstname=Niko&amp;lastname=Pirosmani 
 headers={'User-Agent': 'python-requests/2.32.3', 'Accept-Encoding': 'gzip, deflate', 'Accept': '*/*', 'Connection': 'keep-alive'} 
 body=None 
 </msg>
<msg time="2024-06-03T21:48:19.893581" level="INFO">GET Response : url=https://restful-booker.herokuapp.com/booking?firstname=Niko&amp;lastname=Pirosmani 
 status=200, reason=OK 
 headers={'Server': 'Cowboy', 'Report-To': '{"group":"heroku-nel","max_age":3600,"endpoints":[{"url":"https://nel.heroku.com/reports?ts=1717444099&amp;sid=c46efe9b-d3d2-4a0c-8c76-bfafa16c5add&amp;s=lM1Y8h0oo7pl%2BXGX%2F97qwBCadi9pYKum8UKCYYnmEkM%3D"}]}', 'Reporting-Endpoints': 'heroku-nel=https://nel.heroku.com/reports?ts=1717444099&amp;sid=c46efe9b-d3d2-4a0c-8c76-bfafa16c5add&amp;s=lM1Y8h0oo7pl%2BXGX%2F97qwBCadi9pYKum8UKCYYnmEkM%3D', 'Nel': '{"report_to":"heroku-nel","max_age":3600,"success_fraction":0.005,"failure_fraction":0.05,"response_headers":["Via"]}', 'Connection': 'keep-alive', 'X-Powered-By': 'Express', 'Content-Type': 'application/json; charset=utf-8', 'Content-Length': '38', 'Etag': 'W/"26-CwI0o0R3fn3dGbeHXTy38qx7Z1c"', 'Date': 'Mon, 03 Jun 2024 19:48:19 GMT', 'Via': '1.1 vegur'} 
 body=[{"bookingid":980},{"bookingid":3227}] 
 </msg>
<msg time="2024-06-03T21:48:19.894107" level="INFO">${response} = &lt;Response [200]&gt;</msg>
<var>${response}</var>
<arg>url=${url}/booking?firstname=${firstname}&amp;lastname=${lastname}</arg>
<doc>Sends a GET request.</doc>
<status status="PASS" start="2024-06-03T21:48:19.408270" elapsed="0.486004"/>
</kw>
<kw name="Set Variable" owner="BuiltIn">
<msg time="2024-06-03T21:48:19.895590" level="INFO">${response_body} = [{'bookingid': 980}, {'bookingid': 3227}]</msg>
<var>${response_body}</var>
<arg>${response.json()}</arg>
<doc>Returns the given values which can then be assigned to a variables.</doc>
<status status="PASS" start="2024-06-03T21:48:19.894537" elapsed="0.001258"/>
</kw>
<kw name="Log To Console" owner="BuiltIn">
<arg>${response_body}</arg>
<doc>Logs the given message to the console.</doc>
<status status="PASS" start="2024-06-03T21:48:19.896057" elapsed="0.000303"/>
</kw>
<kw name="Status Should Be" owner="RequestsLibrary">
<arg>200</arg>
<doc>Fails if response status code is different than the expected.</doc>
<status status="PASS" start="2024-06-03T21:48:19.896534" elapsed="0.000280"/>
</kw>
<kw name="Set Variable" owner="BuiltIn">
<msg time="2024-06-03T21:48:19.897412" level="INFO">${booking_id} = 980</msg>
<var>${booking_id}</var>
<arg>${response_body}[0][bookingid]</arg>
<doc>Returns the given values which can then be assigned to a variables.</doc>
<status status="PASS" start="2024-06-03T21:48:19.896981" elapsed="0.000618"/>
</kw>
<kw name="Set Suite Variable" owner="BuiltIn">
<msg time="2024-06-03T21:48:19.898383" level="INFO">${booking_id} = 980</msg>
<arg>${booking_id}</arg>
<doc>Makes a variable available everywhere within the scope of the current suite.</doc>
<status status="PASS" start="2024-06-03T21:48:19.897885" elapsed="0.000811"/>
</kw>
<arg>${url}</arg>
<arg>${firstname}</arg>
<arg>${lastname}</arg>
<status status="PASS" start="2024-06-03T21:48:19.407534" elapsed="0.491467"/>
</kw>
<kw name="Create Dictionary" owner="BuiltIn">
<msg time="2024-06-03T21:48:19.899774" level="INFO">${headers} = {'Cookie': 'token=bd75a08ab703fef', 'Content-Type': 'application/json'}</msg>
<var>${headers}</var>
<arg>Cookie=token=${token}</arg>
<arg>Content-Type=${content_type}</arg>
<doc>Creates and returns a dictionary based on the given ``items``.</doc>
<status status="PASS" start="2024-06-03T21:48:19.899296" elapsed="0.001702"/>
</kw>
<kw name="DELETE" owner="RequestsLibrary">
<msg time="2024-06-03T21:48:20.537665" level="INFO">DELETE Request : url=https://restful-booker.herokuapp.com/booking/980 
 path_url=/booking/980 
 headers={'User-Agent': 'python-requests/2.32.3', 'Accept-Encoding': 'gzip, deflate', 'Accept': '*/*', 'Connection': 'keep-alive', 'Cookie': 'token=bd75a08ab703fef', 'Content-Type': 'application/json', 'Content-Length': '0'} 
 body=None 
 </msg>
<msg time="2024-06-03T21:48:20.537987" level="INFO">DELETE Response : url=https://restful-booker.herokuapp.com/booking/980 
 status=201, reason=Created 
 headers={'Server': 'Cowboy', 'Report-To': '{"group":"heroku-nel","max_age":3600,"endpoints":[{"url":"https://nel.heroku.com/reports?ts=1717444100&amp;sid=c46efe9b-d3d2-4a0c-8c76-bfafa16c5add&amp;s=fAV9DuNioDEEDGQftLkGtIYlDvLVfIv6H93%2B3HK93x4%3D"}]}', 'Reporting-Endpoints': 'heroku-nel=https://nel.heroku.com/reports?ts=1717444100&amp;sid=c46efe9b-d3d2-4a0c-8c76-bfafa16c5add&amp;s=fAV9DuNioDEEDGQftLkGtIYlDvLVfIv6H93%2B3HK93x4%3D', 'Nel': '{"report_to":"heroku-nel","max_age":3600,"success_fraction":0.005,"failure_fraction":0.05,"response_headers":["Via"]}', 'Connection': 'keep-alive', 'X-Powered-By': 'Express', 'Content-Type': 'text/plain; charset=utf-8', 'Content-Length': '7', 'Etag': 'W/"7-rM9AyJuqT6iOan/xHh+AW+7K/T8"', 'Date': 'Mon, 03 Jun 2024 19:48:20 GMT', 'Via': '1.1 vegur'} 
 body=Created 
 </msg>
<msg time="2024-06-03T21:48:20.538251" level="INFO">${response} = &lt;Response [201]&gt;</msg>
<var>${response}</var>
<arg>url=${url}/booking/${booking_id}</arg>
<arg>headers=${headers}</arg>
<doc>Sends a DELETE request.</doc>
<status status="PASS" start="2024-06-03T21:48:19.902507" elapsed="0.635849"/>
</kw>
<kw name="Status Should Be" owner="RequestsLibrary">
<arg>201</arg>
<doc>Fails if response status code is different than the expected.</doc>
<status status="PASS" start="2024-06-03T21:48:20.538803" elapsed="0.000260"/>
</kw>
<status status="PASS" start="2024-06-03T21:48:19.406723" elapsed="1.133713"/>
</test>
<status status="PASS" start="2024-06-03T21:48:18.052008" elapsed="2.489256"/>
</suite>
<statistics>
<total>
<stat pass="1" fail="0" skip="0">All Tests</stat>
</total>
<tag>
</tag>
<suite>
<stat pass="1" fail="0" skip="0" id="s1" name="Test Booker">Test Booker</stat>
</suite>
</statistics>
<errors>
</errors>
</robot>
